<?xml version="1.0" encoding="UTF-8"?>
<!-- Generated by org.testng.reporters.JUnitXMLReporter -->
<testsuite ignored="0" hostname="DESKTOP-FM0DM7C" failures="0" tests="6" time="0.004" errors="0" timestamp="2022-05-10T18:10:12 IST">
  <testcase classname="docker.C1" name="DockerTest5" time="0.0">
    <skipped/>
  </testcase> <!-- DockerTest5 -->
  <testcase classname="docker.C2" name="DockerTest6" time="0.0">
    <skipped/>
  </testcase> <!-- DockerTest6 -->
  <testcase classname="docker.B1" name="DockerTest3" time="0.0">
    <skipped/>
  </testcase> <!-- DockerTest3 -->
  <testcase classname="docker.A2" name="DockerTest2" time="0.0">
    <skipped/>
  </testcase> <!-- DockerTest2 -->
  <testcase classname="docker.B2" name="DockerTest4" time="0.0">
    <skipped/>
  </testcase> <!-- DockerTest4 -->
  <testcase classname="docker.A1" name="DockerTest1" time="0.0">
    <skipped/>
  </testcase> <!-- DockerTest1 -->
</testsuite>
