<?xml version="1.0" encoding="UTF-8"?>
<!-- Generated by org.testng.reporters.JUnitXMLReporter -->
<testsuite ignored="0" hostname="DESKTOP-FM0DM7C" failures="0" tests="6" name="DockerTest1" time="9.361" errors="0" timestamp="2022-05-10T18:14:26 IST">
  <testcase classname="docker.B2" name="DockerTest4" time="3.854"/>
  <testcase classname="docker.B1" name="DockerTest3" time="3.878"/>
  <testcase classname="docker.C2" name="DockerTest6" time="3.917"/>
  <testcase classname="docker.C1" name="DockerTest5" time="4.026"/>
  <testcase classname="docker.A1" name="DockerTest1" time="3.507"/>
  <testcase classname="docker.A2" name="DockerTest2" time="3.442"/>
</testsuite> <!-- DockerTest1 -->
