<?xml version="1.0" encoding="UTF-8"?>
<!-- Generated by org.testng.reporters.JUnitXMLReporter -->
<testsuite ignored="0" hostname="DESKTOP-FM0DM7C" failures="0" tests="6" name="Test" time="14.102" errors="0" timestamp="2022-05-08T17:42:49 IST">
  <testcase classname="docker.B2" name="DockerTest4" time="2.786"/>
  <testcase classname="docker.A2" name="DockerTest2" time="2.799"/>
  <testcase classname="docker.A1" name="DockerTest1" time="2.864"/>
  <testcase classname="docker.B1" name="DockerTest3" time="2.92"/>
  <testcase classname="docker.C2" name="DockerTest6" time="3.1"/>
  <testcase classname="docker.C1" name="DockerTest5" time="3.147"/>
</testsuite> <!-- Test -->
