<?xml version="1.0" encoding="UTF-8"?>
<!-- Generated by org.testng.reporters.JUnitXMLReporter -->
<testsuite hostname="DESKTOP-FM0DM7C" ignored="0" name="DockerTest2" tests="5" failures="0" timestamp="2022-05-11T17:35:51 IST" time="8.766" errors="0">
  <testcase name="DockerTest3" time="3.938" classname="docker.B1"/>
  <testcase name="DockerTest4" time="4.002" classname="docker.B2"/>
  <testcase name="DockerTest6" time="4.087" classname="docker.C2"/>
  <testcase name="DockerTest5" time="4.113" classname="docker.C1"/>
  <testcase name="DockerTest2" time="3.27" classname="docker.A2"/>
</testsuite> <!-- DockerTest2 -->
