<?xml version="1.0" encoding="UTF-8"?>
<testsuite xmlns:xsi="http://www.w3.org/2001/XMLSchema-instance" xsi:noNamespaceSchemaLocation="https://maven.apache.org/surefire/maven-surefire-plugin/xsd/surefire-test-report-3.0.xsd" version="3.0" name="TestSuite" time="38.629" tests="6" errors="0" skipped="0" failures="0">
  <properties>
[...]
</properties>
  <testcase name="DockerTest3" classname="docker.B1" time="2.089">
    <system-out><![CDATA[DockerTest3 In Chrome..
Google
DockerTest4 In Chrome..
]]></system-out>
    <system-err><![CDATA[May 11, 2022 5:35:42 PM org.openqa.selenium.remote.tracing.opentelemetry.OpenTelemetryTracer createTracer
INFO: Using OpenTelemetry for tracing
SLF4J: Failed to load class "org.slf4j.impl.StaticLoggerBinder".
SLF4J: Defaulting to no-operation (NOP) logger implementation
SLF4J: See http://www.slf4j.org/codes.html#StaticLoggerBinder for further details.
May 11, 2022 5:35:45 PM org.openqa.selenium.remote.ProtocolHandshake createSession
INFO: Detected dialect: W3C
May 11, 2022 5:35:45 PM org.openqa.selenium.remote.ProtocolHandshake createSession
INFO: Detected dialect: W3C
May 11, 2022 5:35:46 PM org.openqa.selenium.remote.ProtocolHandshake createSession
INFO: Detected dialect: W3C
May 11, 2022 5:35:46 PM org.openqa.selenium.remote.ProtocolHandshake createSession
INFO: Detected dialect: W3C
May 11, 2022 5:35:47 PM org.openqa.selenium.remote.ProtocolHandshake createSession
INFO: Detected dialect: W3C
May 11, 2022 5:35:47 PM org.openqa.selenium.remote.ProtocolHandshake createSession
INFO: Detected dialect: W3C
]]></system-err>
  </testcase>
  <testcase name="DockerTest4" classname="docker.B2" time="2.149">
    <system-out><![CDATA[Google
]]></system-out>
  </testcase>
  <testcase name="DockerTest6" classname="docker.C2" time="2.233">
    <system-out><![CDATA[DockerTest6 In Edge..
DockerTest5 In Edge..
Google
]]></system-out>
  </testcase>
  <testcase name="DockerTest5" classname="docker.C1" time="2.26">
    <system-out><![CDATA[Google
]]></system-out>
  </testcase>
  <testcase name="DockerTest2" classname="docker.A2" time="3.187">
    <system-out><![CDATA[DockerTest2 In Firefox..
Google
]]></system-out>
  </testcase>
  <testcase name="DockerTest1" classname="docker.A1" time="3.412">
    <system-out><![CDATA[DockerTest1 In Firefox..
Google
]]></system-out>
  </testcase>
</testsuite>